1 3 150 111 1653728822 1653728841 18
2 3 270 PLAYER 1653728880 1653728905 22
3 5 1200 PLAYER 1653728926 1653728939 13
1 3 0 ???Y 1653743610 1653743616 6
3 3 680 233 1653744355 1653744395 36
3 3 180 +_+ 1653752578 1653752608 22
3 3 -150 PLAYER 1653752613 1653752621 7
3 5 3100 PLAYER 1653752719 1653752767 48
3 5 -500 PLAYER 1653752779 1653752782 2
1 3 -160 PLAYER 1653806720 1653806739 8
2 3 -150 PLAYER 1653806744 1653806754 7
2 3 210 PLAYER 1653806756 1653806827 66
2 5 1300 PLAYER 1653806842 1653806867 24
1 3 -180 PLAYER 1653806889 1653806895 6
1 3 -70 PLAYER 1653806899 1653806911 10
3 2 360 111 1653806924 1653806989 61
1 3 -100 PLAYER 1654013081 1654013090 8
3 3 4320 DEEPDARKFANTASY 1654241736 1654241945 202
2 3 1060 DEEPDARKFANTASY 1654241955 1654242110 148
1 4 240 DEEPDARKFANTASY 1654242130 1654242158 24
1 4 2460 DEEPDARKFANTASY 1654242161 1654242306 132
1 3 -100 PLAYER 1654245895 1654245986 12
2 4 920 PLAYER 1654250262 1654250328 61
2 4 680 PLAYER 1654250331 1654250396 64
2 4 1340 PLAYER 1654250400 1654250541 136
2 3 70 PLAYER 1654250601 1654250638 34
1 4 -120 PLAYER 1656572394 1656572403 8
1 3 -150 PLAYER 1656575061 1656575067 6
1 3 -180 PLAYER 1656575076 1656575082 6
1 3 -150 PLAYER 1656575085 1656575091 6
1 3 -150 PLAYER 1656649242 1656649302 12
2 3 -150 PLAYER 1656649311 1656649335 7
3 3 -150 PLAYER 1656649350 1656649513 8
